Welcome to Xilinx CORE Generator.
Help system initialized.
The IP Catalog has been reloaded.
coregen.cgp already exists.
Wrote CGP file for project 'coregen'.
Customize and GenerateINFO:sim:172 - Generating IP...
Applying current project options...
Finished applying current project options.
Resolving generics for 'fifo_generator_v9_3'...
Applying external generics to 'fifo_generator_v9_3'...
Delivering associated files for 'fifo_generator_v9_3'...
Delivering EJava files for 'fifo_generator_v9_3'...
Generating implementation netlist for 'fifo_generator_v9_3'...
INFO:sim - Pre-processing HDL files for 'fifo_generator_v9_3'...
WARNING:sim - BlackBox generator run option '-ifmt' found multiple times. Only
   the first occurence is considered.
Running synthesis for 'fifo_generator_v9_3'
Running ngcbuild...
Writing VEO instantiation template for 'fifo_generator_v9_3'...
Writing Verilog behavioral simulation model for 'fifo_generator_v9_3'...
WARNING:sim - Overwriting existing file
   /home/ericb/KBADC/adsb_cape/Xilinx/adsb/ipcore_dir/tmp/_cg/fifo_generator_v9_
   3/doc/fifo_generator_v9_3_vinfo.html with file from view xilinx_documentation
Delivered 3 files into directory
/home/ericb/KBADC/adsb_cape/Xilinx/adsb/ipcore_dir/tmp/_cg/fifo_generator_v9_3
Delivered 1 file into directory
/home/ericb/KBADC/adsb_cape/Xilinx/adsb/ipcore_dir/tmp/_cg/fifo_generator_v9_3
Generating ASY schematic symbol...
INFO:sim:949 - Finished generation of ASY schematic symbol.
Generating metadata file...
Generating ISE project file for 'fifo_generator_v9_3'...
Generating ISE project...
XCO file found: fifo_generator_v9_3.xco
XMDF file found: fifo_generator_v9_3_xmdf.tcl
Adding
/home/ericb/KBADC/adsb_cape/Xilinx/adsb/ipcore_dir/tmp/_cg/fifo_generator_v9_3.a
sy -view all -origin_type imported
Adding
/home/ericb/KBADC/adsb_cape/Xilinx/adsb/ipcore_dir/tmp/_cg/fifo_generator_v9_3.n
gc -view all -origin_type created
Checking file
"/home/ericb/KBADC/adsb_cape/Xilinx/adsb/ipcore_dir/tmp/_cg/fifo_generator_v9_3.
ngc" for project device match ...
File
"/home/ericb/KBADC/adsb_cape/Xilinx/adsb/ipcore_dir/tmp/_cg/fifo_generator_v9_3.
ngc" device information matches project device.
Adding
/home/ericb/KBADC/adsb_cape/Xilinx/adsb/ipcore_dir/tmp/_cg/fifo_generator_v9_3.v
-view all -origin_type created
INFO:HDLCompiler:1845 - Analyzing Verilog file
   "/home/ericb/KBADC/adsb_cape/Xilinx/adsb/ipcore_dir/tmp/_cg/fifo_generator_v9
   _3.v" into library work
INFO:ProjectMgmt - Parsing design hierarchy completed successfully.
Adding
/home/ericb/KBADC/adsb_cape/Xilinx/adsb/ipcore_dir/tmp/_cg/fifo_generator_v9_3.v
eo -view all -origin_type imported
INFO:TclTasksC:2116 - The automatic calculation of top has been turned-off.
   Please set the new top explicitly by running the "project set top" command.
   To re-calculate the new top automatically, set the "Auto Implementation Top"
   property to true.
Top level has been set to "/fifo_generator_v9_3"
Generating README file...
Generating FLIST file...
INFO:sim:948 - Finished FLIST file generation.
Launching README viewer...
Moving files to output directory...
Finished moving files to output directory
Saved CGP file for project 'coregen'.
Closed project file.
